#
# There is insufficient memory for the Java Runtime Environment to continue.
# Native memory allocation (malloc) failed to allocate 292976 bytes for Chunk::new
# Possible reasons:
#   The system is out of physical RAM or swap space
#   The process is running with CompressedOops enabled, and the Java Heap may be blocking the growth of the native heap
# Possible solutions:
#   Reduce memory load on the system
#   Increase physical memory or swap space
#   Check if swap backing store is full
#   Decrease Java heap size (-Xmx/-Xms)
#   Decrease number of Java threads
#   Decrease Java thread stack sizes (-Xss)
#   Set larger code cache with -XX:ReservedCodeCacheSize=
#   JVM is running with Zero Based Compressed Oops mode in which the Java heap is
#     placed in the first 32GB address space. The Java Heap base address is the
#     maximum limit for the native heap growth. Please use -XX:HeapBaseMinAddress
#     to set the Java Heap base and to place the Java Heap above 32GB virtual address.
# This output file may be truncated or incomplete.
#
#  Out of Memory Error (arena.cpp:197), pid=18533, tid=18550
#
# JRE version: OpenJDK Runtime Environment (11.0.11+9) (build 11.0.11+9-Ubuntu-0ubuntu2.18.04)
# Java VM: OpenJDK 64-Bit Server VM (11.0.11+9-Ubuntu-0ubuntu2.18.04, mixed mode, sharing, tiered, compressed oops, g1 gc, linux-amd64)
# Core dump will be written. Default location: Core dumps may be processed with "/usr/share/apport/apport %p %s %c %d %P %E" (or dumping to /lustre/scratch123/tol/teams/blaxter/users/mb39/all_sequencing_status/src/core.18533)
#

---------------  S U M M A R Y ------------

Command Line: -Dapplication.home=/usr/lib/jvm/java-11-openjdk-amd64 --add-modules=ALL-DEFAULT -Xms8m -Djdk.module.main=jdk.compiler jdk.compiler/com.sun.tools.javac.Main /tmp/Rjavareconf.hegEDo/A.java

Host: Intel Xeon Processor (Skylake, IBRS), 8 cores, 91G, Ubuntu 18.04.6 LTS
Time: Fri Dec 10 18:46:31 2021 GMT elapsed time: 0.376618 seconds (0d 0h 0m 0s)

---------------  T H R E A D  ---------------

Current thread (0x00007f9d7f8cd800):  JavaThread "C2 CompilerThread1" daemon [_thread_in_native, id=18550, stack(0x00007f9d7f7bc000,0x00007f9d7f8bd000)]


Current CompileTask:
C2:    376  619       4       java.util.HashMap::put (13 bytes)

Stack: [0x00007f9d7f7bc000,0x00007f9d7f8bd000],  sp=0x00007f9d7f8b8180,  free space=1008k
Native frames: (J=compiled Java code, A=aot compiled Java code, j=interpreted, Vv=VM code, C=native code)
V  [libjvm.so+0xe1c39a]
[error occurred during error reporting (printing native stack), id 0xe0000001, Out of Memory Error (src/hotspot/share/memory/allocation.cpp:46)]


---------------  P R O C E S S  ---------------

Threads class SMR info:
_java_thread_list=0x00007f9d7f7b8010, length=10, elements={
0x00007f9dc0017800, 0x00007f9dc00d1000, 0x00007f9dc00d3000, 0x00007f9dc00d8800,
0x00007f9dc00da800, 0x00007f9dc00dc800, 0x00007f9dc00de800, 0x00007f9dc00e0800,
0x00007f9dc011f000, 0x00007f9d7f8cd800
}

Java Threads: ( => current thread )
  0x00007f9dc0017800 JavaThread "main" [_thread_in_Java, id=18534, stack(0x00007f9dc9f22000,0x00007f9dca023000)]
  0x00007f9dc00d1000 JavaThread "Reference Handler" daemon [_thread_blocked, id=18542, stack(0x00007f9d9c324000,0x00007f9d9c425000)]
  0x00007f9dc00d3000 JavaThread "Finalizer" daemon [_thread_blocked, id=18543, stack(0x00007f9d9c223000,0x00007f9d9c324000)]
  0x00007f9dc00d8800 JavaThread "Signal Dispatcher" daemon [_thread_blocked, id=18544, stack(0x00007f9d9c122000,0x00007f9d9c223000)]
  0x00007f9dc00da800 JavaThread "Service Thread" daemon [_thread_blocked, id=18545, stack(0x00007f9d9c021000,0x00007f9d9c122000)]
  0x00007f9dc00dc800 JavaThread "C2 CompilerThread0" daemon [_thread_in_native, id=18546, stack(0x00007f9d7fc21000,0x00007f9d7fd22000)]
  0x00007f9dc00de800 JavaThread "C1 CompilerThread0" daemon [_thread_blocked, id=18547, stack(0x00007f9d7fb20000,0x00007f9d7fc21000)]
  0x00007f9dc00e0800 JavaThread "Sweeper thread" daemon [_thread_blocked, id=18548, stack(0x00007f9d7fa1f000,0x00007f9d7fb20000)]
  0x00007f9dc011f000 JavaThread "Common-Cleaner" daemon [_thread_blocked, id=18549, stack(0x00007f9d7f911000,0x00007f9d7fa12000)]
=>0x00007f9d7f8cd800 JavaThread "C2 CompilerThread1" daemon [_thread_in_native, id=18550, stack(0x00007f9d7f7bc000,0x00007f9d7f8bd000)]

Other Threads:
  0x00007f9dc00ce000 VMThread "VM Thread" [stack: 0x00007f9d9c427000,0x00007f9d9c527000] [id=18541] _threads_hazard_ptr=0x00007f9d7f7b8010
  0x00007f9dc0170000 WatcherThread [stack: 0x00007f9d7f625000,0x00007f9d7f725000] [id=18551]
  0x00007f9dc0030800 GCTaskThread "GC Thread#0" [stack: 0x00007f9dc54f3000,0x00007f9dc55f3000] [id=18536]
  0x00007f9d8c001000 GCTaskThread "GC Thread#1" [stack: 0x00007f9d7ef2d000,0x00007f9d7f02d000] [id=18552]
  0x00007f9dc006c800 ConcurrentGCThread "G1 Main Marker" [stack: 0x00007f9dc425f000,0x00007f9dc435f000] [id=18537]
  0x00007f9dc006e000 ConcurrentGCThread "G1 Conc#0" [stack: 0x00007f9dc415d000,0x00007f9dc425d000] [id=18538]
  0x00007f9d98001000 ConcurrentGCThread "G1 Conc#1" [stack: 0x00007f9d7eac2000,0x00007f9d7ebc2000] [id=18553]
  0x00007f9dc0098000 ConcurrentGCThread "G1 Refine#0" [stack: 0x00007f9d9ceac000,0x00007f9d9cfac000] [id=18539]
  0x00007f9dc009a000 ConcurrentGCThread "G1 Young RemSet Sampling" [stack: 0x00007f9d9cdaa000,0x00007f9d9ceaa000] [id=18540]

Threads with active compile tasks:
C2 CompilerThread0    377  627       4       java.util.HashMap::(null) (300 bytes)
C1 CompilerThread0    377  649       3       jdk.internal.jimage.ImageReader$SharedImageReader::(null) (54 bytes)
C2 CompilerThread1    377  619       4       java.util.HashMap::(null) (13 bytes)

VM state:synchronizing (normal execution)

VM Mutex/Monitor currently owned by a thread:  ([mutex/lock_event])
[0x00007f9dc00136b0] Safepoint_lock - owner thread: 0x00007f9dc00ce000
[0x00007f9dc0013740] Threads_lock - owner thread: 0x00007f9dc00ce000
[0x00007f9dc0013f20] Heap_lock - owner thread: 0x00007f9dc006c800

Heap address: 0x0000000767600000, size: 2442 MB, Compressed Oops mode: Zero based, Oop shift amount: 3
Narrow klass base: 0x0000000800000000, Narrow klass shift: 3
Compressed class space size: 1073741824 Address: 0x0000000840000000

Heap:
 garbage-first heap   total 17408K, used 3694K [0x0000000767600000, 0x0000000800000000)
  region size 1024K, 2 young (2048K), 1 survivors (1024K)
 Metaspace       used 7513K, capacity 10653K, committed 10752K, reserved 1058816K
  class space    used 924K, capacity 1240K, committed 1280K, reserved 1048576K
Heap Regions: E=young(eden), S=young(survivor), O=old, HS=humongous(starts), HC=humongous(continues), CS=collection set, F=free, A=archive, TAMS=top-at-mark-start (previous, next)
|   0|0x0000000767600000, 0x0000000767700000, 0x0000000767700000|100%| O|  |TAMS 0x0000000767700000, 0x0000000767600000| Updating 
|   1|0x0000000767700000, 0x0000000767800000, 0x0000000767800000|100%| O|  |TAMS 0x0000000767800000, 0x0000000767700000| Updating 
|   2|0x0000000767800000, 0x000000076780fc00, 0x0000000767900000|  6%| O|  |TAMS 0x000000076780fc00, 0x0000000767800000| Updating 
|   3|0x0000000767900000, 0x0000000767900000, 0x0000000767a00000|  0%| F|  |TAMS 0x0000000767900000, 0x0000000767900000| Untracked 
|   4|0x0000000767a00000, 0x0000000767a00000, 0x0000000767b00000|  0%| F|  |TAMS 0x0000000767a00000, 0x0000000767a00000| Untracked 
|   5|0x0000000767b00000, 0x0000000767b00000, 0x0000000767c00000|  0%| F|  |TAMS 0x0000000767b00000, 0x0000000767b00000| Untracked 
|   6|0x0000000767c00000, 0x0000000767cd9cc8, 0x0000000767d00000| 85%| S|CS|TAMS 0x0000000767c00000, 0x0000000767c00000| Complete 
|   7|0x0000000767d00000, 0x0000000767d00000, 0x0000000767e00000|  0%| F|  |TAMS 0x0000000767d00000, 0x0000000767d00000| Untracked 
|   8|0x0000000767e00000, 0x0000000767e00000, 0x0000000767f00000|  0%| F|  |TAMS 0x0000000767e00000, 0x0000000767e00000| Untracked 
|   9|0x0000000767f00000, 0x0000000767f00000, 0x0000000768000000|  0%| F|  |TAMS 0x0000000767f00000, 0x0000000767f00000| Untracked 
|  10|0x0000000768000000, 0x0000000768000000, 0x0000000768100000|  0%| F|  |TAMS 0x0000000768000000, 0x0000000768000000| Untracked 
|  11|0x0000000768100000, 0x0000000768100000, 0x0000000768200000|  0%| F|  |TAMS 0x0000000768100000, 0x0000000768100000| Untracked 
|  12|0x0000000768200000, 0x0000000768200000, 0x0000000768300000|  0%| F|  |TAMS 0x0000000768200000, 0x0000000768200000| Untracked 
|  13|0x0000000768300000, 0x0000000768300000, 0x0000000768400000|  0%| F|  |TAMS 0x0000000768300000, 0x0000000768300000| Untracked 
|  14|0x0000000768400000, 0x00000007684c2358, 0x0000000768500000| 75%| E|  |TAMS 0x0000000768400000, 0x0000000768400000| Complete 
|1410|0x00000007bf800000, 0x00000007bf847000, 0x00000007bf900000| 27%|OA|  |TAMS 0x00000007bf847000, 0x00000007bf800000| Untracked 
|1414|0x00000007bfc00000, 0x00000007bfc6b000, 0x00000007bfd00000| 41%|CA|  |TAMS 0x00000007bfc6b000, 0x00000007bfc00000| Untracked 

Card table byte_map: [0x00007f9dc435f000,0x00007f9dc4824000] _byte_map_base: 0x00007f9dc0824000

Marking Bits (Prev, Next): (CMBitMap*) 0x00007f9dc0061d88, (CMBitMap*) 0x00007f9dc0061dc0
 Prev Bits: [0x00007f9da19d8000, 0x00007f9da4000000)
 Next Bits: [0x00007f9d9f3b0000, 0x00007f9da19d8000)

Polling page: 0x00007f9dca048000

Metaspace:

Usage:
  Non-class:      9.19 MB capacity,     6.43 MB ( 70%) used,     2.74 MB ( 30%) free+waste,    20.38 KB ( <1%) overhead. 
      Class:      1.21 MB capacity,   924.84 KB ( 75%) used,   304.72 KB ( 25%) free+waste,    10.44 KB ( <1%) overhead. 
       Both:     10.40 MB capacity,     7.34 MB ( 71%) used,     3.04 MB ( 29%) free+waste,    30.81 KB ( <1%) overhead. 

Virtual space:
  Non-class space:       10.00 MB reserved,       9.25 MB ( 92%) committed 
      Class space:        1.00 GB reserved,       1.25 MB ( <1%) committed 
             Both:        1.01 GB reserved,      10.50 MB (  1%) committed 

Chunk freelists:
   Non-Class:  47.00 KB
       Class:  0 bytes
        Both:  47.00 KB

MaxMetaspaceSize: unlimited
CompressedClassSpaceSize: 1.00 GB

CodeHeap 'non-profiled nmethods': size=120032Kb used=197Kb max_used=197Kb free=119834Kb
 bounds [0x00007f9db0340000, 0x00007f9db05b0000, 0x00007f9db7878000]
CodeHeap 'profiled nmethods': size=120028Kb used=973Kb max_used=973Kb free=119054Kb
 bounds [0x00007f9da8e09000, 0x00007f9da9079000, 0x00007f9db0340000]
CodeHeap 'non-nmethods': size=5700Kb used=1072Kb max_used=1085Kb free=4627Kb
 bounds [0x00007f9da8878000, 0x00007f9da8ae8000, 0x00007f9da8e09000]
 total_blobs=1019 nmethods=641 adapters=291
 compilation: enabled
              stopped_count=0, restarted_count=0
 full_count=0

Compilation events (20 events):
Event: 0.363 Thread 0x00007f9dc00de800 nmethod 634 0x00007f9da8ef7f90 code [0x00007f9da8ef8140, 0x00007f9da8ef8270]
Event: 0.363 Thread 0x00007f9dc00de800  635       3       java.lang.ThreadLocal::get (38 bytes)
Event: 0.363 Thread 0x00007f9dc00de800 nmethod 635 0x00007f9da8ef8310 code [0x00007f9da8ef84e0, 0x00007f9da8ef8810]
Event: 0.363 Thread 0x00007f9dc00de800  636       3       java.lang.ThreadLocal$ThreadLocalMap::getEntry (42 bytes)
Event: 0.364 Thread 0x00007f9dc00de800 nmethod 636 0x00007f9da8ef8990 code [0x00007f9da8ef8b60, 0x00007f9da8ef8e60]
Event: 0.364 Thread 0x00007f9dc00de800  637       3       jdk.internal.ref.CleanerImpl::getCleanerImpl (13 bytes)
Event: 0.364 Thread 0x00007f9dc00de800 nmethod 637 0x00007f9da8ef8f90 code [0x00007f9da8ef9160, 0x00007f9da8ef9420]
Event: 0.364 Thread 0x00007f9dc00de800  639       1       sun.nio.fs.UnixPath::getFileSystem (5 bytes)
Event: 0.364 Thread 0x00007f9dc00de800 nmethod 639 0x00007f9db0371390 code [0x00007f9db0371540, 0x00007f9db0371610]
Event: 0.364 Thread 0x00007f9dc00de800  638       3       java.lang.ref.Cleaner$1::apply (9 bytes)
Event: 0.365 Thread 0x00007f9dc00de800 nmethod 638 0x00007f9da8ef9510 code [0x00007f9da8ef96e0, 0x00007f9da8ef9970]
Event: 0.365 Thread 0x00007f9dc00de800  640       3       com.sun.tools.javac.util.List::iterator (20 bytes)
Event: 0.365 Thread 0x00007f9dc00de800 nmethod 640 0x00007f9da8ef9a90 code [0x00007f9da8ef9c60, 0x00007f9da8efa010]
Event: 0.366 Thread 0x00007f9dc00de800  641       3       java.lang.reflect.Modifier::isFinal (13 bytes)
Event: 0.366 Thread 0x00007f9dc00de800 nmethod 641 0x00007f9da8efa110 code [0x00007f9da8efa2c0, 0x00007f9da8efa3f0]
Event: 0.366 Thread 0x00007f9dc00de800  642       3       java.util.AbstractQueue::<init> (5 bytes)
Event: 0.367 Thread 0x00007f9dc00de800 nmethod 642 0x00007f9da8efa490 code [0x00007f9da8efa640, 0x00007f9da8efa810]
Event: 0.367 Thread 0x00007f9dc00de800  643       3       jdk.internal.jimage.ImageLocation::getFullName (109 bytes)
Event: 0.372 Thread 0x00007f9dc00de800 nmethod 643 0x00007f9da8efa910 code [0x00007f9da8efacc0, 0x00007f9da8efbf00]
Event: 0.372 Thread 0x00007f9dc00de800  649       3       jdk.internal.jimage.ImageReader$SharedImageReader::makeDirectories (54 bytes)

GC Heap History (10 events):
Event: 0.150 GC heap before
{Heap before GC invocations=0 (full 0):
 garbage-first heap   total 10240K, used 3784K [0x0000000767600000, 0x0000000800000000)
  region size 1024K, 3 young (3072K), 0 survivors (0K)
 Metaspace       used 2758K, capacity 6655K, committed 6912K, reserved 1056768K
  class space    used 356K, capacity 734K, committed 768K, reserved 1048576K
}
Event: 0.157 GC heap after
{Heap after GC invocations=1 (full 0):
 garbage-first heap   total 10240K, used 1865K [0x0000000767600000, 0x0000000800000000)
  region size 1024K, 1 young (1024K), 1 survivors (1024K)
 Metaspace       used 2758K, capacity 6655K, committed 6912K, reserved 1056768K
  class space    used 356K, capacity 734K, committed 768K, reserved 1048576K
}
Event: 0.262 GC heap before
{Heap before GC invocations=1 (full 0):
 garbage-first heap   total 10240K, used 3913K [0x0000000767600000, 0x0000000800000000)
  region size 1024K, 3 young (3072K), 1 survivors (1024K)
 Metaspace       used 6182K, capacity 9740K, committed 10112K, reserved 1058816K
  class space    used 776K, capacity 1126K, committed 1152K, reserved 1048576K
}
Event: 0.269 GC heap after
{Heap after GC invocations=2 (full 0):
 garbage-first heap   total 10240K, used 2674K [0x0000000767600000, 0x0000000800000000)
  region size 1024K, 1 young (1024K), 1 survivors (1024K)
 Metaspace       used 6182K, capacity 9740K, committed 10112K, reserved 1058816K
  class space    used 776K, capacity 1126K, committed 1152K, reserved 1048576K
}
Event: 0.306 GC heap before
{Heap before GC invocations=2 (full 0):
 garbage-first heap   total 10240K, used 3698K [0x0000000767600000, 0x0000000800000000)
  region size 1024K, 2 young (2048K), 1 survivors (1024K)
 Metaspace       used 7097K, capacity 10380K, committed 10752K, reserved 1058816K
  class space    used 877K, capacity 1212K, committed 1280K, reserved 1048576K
}
Event: 0.309 GC heap after
{Heap after GC invocations=3 (full 0):
 garbage-first heap   total 10240K, used 2860K [0x0000000767600000, 0x0000000800000000)
  region size 1024K, 1 young (1024K), 1 survivors (1024K)
 Metaspace       used 7097K, capacity 10380K, committed 10752K, reserved 1058816K
  class space    used 877K, capacity 1212K, committed 1280K, reserved 1048576K
}
Event: 0.341 GC heap before
{Heap before GC invocations=4 (full 0):
 garbage-first heap   total 10240K, used 3884K [0x0000000767600000, 0x0000000800000000)
  region size 1024K, 2 young (2048K), 1 survivors (1024K)
 Metaspace       used 7281K, capacity 10531K, committed 10752K, reserved 1058816K
  class space    used 897K, capacity 1220K, committed 1280K, reserved 1048576K
}
Event: 0.343 GC heap after
{Heap after GC invocations=5 (full 0):
 garbage-first heap   total 10240K, used 3334K [0x0000000767600000, 0x0000000800000000)
  region size 1024K, 1 young (1024K), 1 survivors (1024K)
 Metaspace       used 7281K, capacity 10531K, committed 10752K, reserved 1058816K
  class space    used 897K, capacity 1220K, committed 1280K, reserved 1048576K
}
Event: 0.367 GC heap before
{Heap before GC invocations=5 (full 0):
 garbage-first heap   total 10240K, used 4358K [0x0000000767600000, 0x0000000800000000)
  region size 1024K, 2 young (2048K), 1 survivors (1024K)
 Metaspace       used 7501K, capacity 10653K, committed 10752K, reserved 1058816K
  class space    used 924K, capacity 1240K, committed 1280K, reserved 1048576K
}
Event: 0.370 GC heap after
{Heap after GC invocations=6 (full 0):
 garbage-first heap   total 17408K, used 3694K [0x0000000767600000, 0x0000000800000000)
  region size 1024K, 1 young (1024K), 1 survivors (1024K)
 Metaspace       used 7501K, capacity 10653K, committed 10752K, reserved 1058816K
  class space    used 924K, capacity 1240K, committed 1280K, reserved 1048576K
}

Deoptimization events (20 events):
Event: 0.121 Thread 0x00007f9dc0017800 Uncommon trap: trap_request=0xffffffc6 fr.pc=0x00007f9db0348424 relative=0x0000000000000084
Event: 0.121 Thread 0x00007f9dc0017800 Uncommon trap: reason=bimorphic_or_optimized_type_check action=maybe_recompile pc=0x00007f9db0348424 method=java.util.AbstractCollection.isEmpty()Z @ 1 c2
Event: 0.121 Thread 0x00007f9dc0017800 DEOPT PACKING pc=0x00007f9db0348424 sp=0x00007f9dca021230
Event: 0.121 Thread 0x00007f9dc0017800 DEOPT UNPACKING pc=0x00007f9da889d9a5 sp=0x00007f9dca0211e0 mode 2
Event: 0.226 Thread 0x00007f9dc0017800 Uncommon trap: trap_request=0xffffff4d fr.pc=0x00007f9db035b22c relative=0x000000000000046c
Event: 0.226 Thread 0x00007f9dc0017800 Uncommon trap: reason=unstable_if action=reinterpret pc=0x00007f9db035b22c method=java.lang.StringLatin1.replace([BCC)Ljava/lang/String; @ 19 c2
Event: 0.226 Thread 0x00007f9dc0017800 DEOPT PACKING pc=0x00007f9db035b22c sp=0x00007f9dca0203b0
Event: 0.226 Thread 0x00007f9dc0017800 DEOPT UNPACKING pc=0x00007f9da889d9a5 sp=0x00007f9dca020340 mode 2
Event: 0.229 Thread 0x00007f9dc0017800 Uncommon trap: trap_request=0xffffff4d fr.pc=0x00007f9db034db5c relative=0x0000000000000d5c
Event: 0.229 Thread 0x00007f9dc0017800 Uncommon trap: reason=unstable_if action=reinterpret pc=0x00007f9db034db5c method=java.util.HashMap.putVal(ILjava/lang/Object;Ljava/lang/Object;ZZ)Ljava/lang/Object; @ 181 c2
Event: 0.229 Thread 0x00007f9dc0017800 DEOPT PACKING pc=0x00007f9db034db5c sp=0x00007f9dca021030
Event: 0.229 Thread 0x00007f9dc0017800 DEOPT UNPACKING pc=0x00007f9da889d9a5 sp=0x00007f9dca020fd0 mode 2
Event: 0.239 Thread 0x00007f9dc0017800 Uncommon trap: trap_request=0xffffff4d fr.pc=0x00007f9db035a7d8 relative=0x0000000000000198
Event: 0.239 Thread 0x00007f9dc0017800 Uncommon trap: reason=unstable_if action=reinterpret pc=0x00007f9db035a7d8 method=java.lang.String.regionMatches(ILjava/lang/String;II)Z @ 111 c2
Event: 0.239 Thread 0x00007f9dc0017800 DEOPT PACKING pc=0x00007f9db035a7d8 sp=0x00007f9dca01dd50
Event: 0.239 Thread 0x00007f9dc0017800 DEOPT UNPACKING pc=0x00007f9da889d9a5 sp=0x00007f9dca01dcf0 mode 2
Event: 0.366 Thread 0x00007f9dc0017800 Uncommon trap: trap_request=0xffffffde fr.pc=0x00007f9db036e610 relative=0x0000000000000530
Event: 0.366 Thread 0x00007f9dc0017800 Uncommon trap: reason=class_check action=maybe_recompile pc=0x00007f9db036e610 method=java.util.HashMap.getNode(ILjava/lang/Object;)Ljava/util/HashMap$Node; @ 126 c2
Event: 0.366 Thread 0x00007f9dc0017800 DEOPT PACKING pc=0x00007f9db036e610 sp=0x00007f9dca020cb0
Event: 0.366 Thread 0x00007f9dc0017800 DEOPT UNPACKING pc=0x00007f9da889d9a5 sp=0x00007f9dca020be8 mode 2

Classes redefined (0 events):
No events

Internal exceptions (7 events):
Event: 0.125 Thread 0x00007f9dc0017800 Exception <a 'java/lang/NoSuchMethodError'{0x0000000767b2b158}: 'int java.lang.invoke.DirectMethodHandle$Holder.invokeVirtual(java.lang.Object, java.lang.Object, java.lang.Object)'> (0x0000000767b2b158) thrown at [src/hotspot/share/interpreter/linkResolver.cpp, line 773]
Event: 0.179 Thread 0x00007f9dc0017800 Exception <a 'java/lang/NoSuchMethodError'{0x0000000767d47b68}: 'int java.lang.invoke.DirectMethodHandle$Holder.invokeStaticInit(java.lang.Object, java.lang.Object)'> (0x0000000767d47b68) thrown at [src/hotspot/share/interpreter/linkResolver.cpp, line 773]
Event: 0.222 Thread 0x00007f9dc0017800 Exception <a 'java/lang/NoSuchMethodError'{0x0000000767c19390}: 'int java.lang.invoke.DirectMethodHandle$Holder.invokeVirtual(java.lang.Object, java.lang.Object)'> (0x0000000767c19390) thrown at [src/hotspot/share/interpreter/linkResolver.cpp, line 773]
Event: 0.228 Thread 0x00007f9dc0017800 Exception <a 'java/lang/NoSuchMethodError'{0x0000000767c4a838}: 'java.lang.Object java.lang.invoke.Invokers$Holder.linkToTargetMethod(java.lang.Object, java.lang.Object, java.lang.Object, java.lang.Object, java.lang.Object, java.lang.Object)'> (0x0000000767c4a838) thrown at [src/hotspot/share/interpreter/linkResolver.cpp, line 773]
Event: 0.277 Thread 0x00007f9dc0017800 Exception <a 'java/lang/NoSuchMethodError'{0x0000000767d1e5c0}: 'int java.lang.invoke.DirectMethodHandle$Holder.invokeSpecialIFC(java.lang.Object, java.lang.Object, int)'> (0x0000000767d1e5c0) thrown at [src/hotspot/share/interpreter/linkResolver.cpp, line 773]
Event: 0.322 Thread 0x00007f9dc0017800 Exception <a 'java/lang/NoSuchMethodError'{0x0000000767d3e7a0}: 'int java.lang.invoke.DirectMethodHandle$Holder.invokeSpecial(java.lang.Object, java.lang.Object, java.lang.Object, java.lang.Object)'> (0x0000000767d3e7a0) thrown at [src/hotspot/share/interpreter/linkResolver.cpp, line 773]
Event: 0.355 Thread 0x00007f9dc0017800 Exception <a 'java/lang/NoSuchMethodError'{0x0000000767dc2d70}: 'int java.lang.invoke.DirectMethodHandle$Holder.invokeSpecial(java.lang.Object, java.lang.Object, java.lang.Object, java.lang.Object, java.lang.Object)'> (0x0000000767dc2d70) thrown at [src/hotspot/share/interpreter/linkResolver.cpp, line 773]

Events (20 events):
Event: 0.361 loading class java/nio/file/Files$2
Event: 0.361 loading class java/nio/file/Files$2 done
Event: 0.363 loading class com/sun/tools/javac/code/Symbol$PackageSymbol
Event: 0.363 loading class com/sun/tools/javac/code/Symbol$PackageSymbol done
Event: 0.363 loading class com/sun/tools/javac/code/ClassFinder
Event: 0.363 loading class com/sun/tools/javac/code/ClassFinder done
Event: 0.365 loading class com/sun/tools/javac/code/Scope
Event: 0.365 loading class com/sun/tools/javac/code/Scope done
Event: 0.365 loading class com/sun/tools/javac/code/Symbol$PackageSymbol
Event: 0.365 loading class com/sun/tools/javac/code/Symbol$PackageSymbol done
Event: 0.365 loading class com/sun/tools/javac/comp/TypeEnter$ImportsPhase
Event: 0.365 loading class com/sun/tools/javac/comp/TypeEnter$ImportsPhase done
Event: 0.366 loading class com/sun/tools/javac/code/Symbol$PackageSymbol
Event: 0.366 loading class com/sun/tools/javac/code/Symbol$PackageSymbol done
Event: 0.366 loading class com/sun/tools/javac/comp/TypeEnter$ImportsPhase
Event: 0.366 loading class com/sun/tools/javac/comp/TypeEnter$ImportsPhase done
Event: 0.367 Executing VM operation: G1CollectForAllocation
Event: 0.370 Executing VM operation: G1CollectForAllocation done
Event: 0.373 Executing VM operation: CGC_Operation
Event: 0.374 Executing VM operation: CGC_Operation done


Dynamic libraries:
767600000-768500000 rw-p 00000000 00:00 0 
768500000-7bf800000 ---p 00000000 00:00 0 
7bf800000-7bf847000 rw-p 01111000 fc:01 1034301                          /usr/lib/jvm/java-11-openjdk-amd64/lib/server/classes.jsa
7bf847000-7bf900000 rw-p 00000000 00:00 0 
7bf900000-7bfc00000 ---p 00000000 00:00 0 
7bfc00000-7bfc6b000 rw-p 010a6000 fc:01 1034301                          /usr/lib/jvm/java-11-openjdk-amd64/lib/server/classes.jsa
7bfc6b000-7bfd00000 rw-p 00000000 00:00 0 
7bfd00000-800000000 ---p 00000000 00:00 0 
800000000-800002000 rwxp 00001000 fc:01 1034301                          /usr/lib/jvm/java-11-openjdk-amd64/lib/server/classes.jsa
800002000-8003b9000 rw-p 00003000 fc:01 1034301                          /usr/lib/jvm/java-11-openjdk-amd64/lib/server/classes.jsa
8003b9000-800a96000 r--p 003ba000 fc:01 1034301                          /usr/lib/jvm/java-11-openjdk-amd64/lib/server/classes.jsa
800a96000-800a97000 rw-p 00a97000 fc:01 1034301                          /usr/lib/jvm/java-11-openjdk-amd64/lib/server/classes.jsa
800a97000-8010a5000 r--p 00a98000 fc:01 1034301                          /usr/lib/jvm/java-11-openjdk-amd64/lib/server/classes.jsa
840000000-840140000 rw-p 00000000 00:00 0 
840140000-880000000 ---p 00000000 00:00 0 
556d05e41000-556d05e42000 r-xp 00000000 fc:01 1036136                    /usr/lib/jvm/java-11-openjdk-amd64/bin/javac
556d06042000-556d06043000 r--p 00001000 fc:01 1036136                    /usr/lib/jvm/java-11-openjdk-amd64/bin/javac
556d06043000-556d06044000 rw-p 00002000 fc:01 1036136                    /usr/lib/jvm/java-11-openjdk-amd64/bin/javac
556d07e7e000-556d07e9f000 rw-p 00000000 00:00 0                          [heap]
7f9d70000000-7f9d70021000 rw-p 00000000 00:00 0 
7f9d70021000-7f9d74000000 ---p 00000000 00:00 0 
7f9d74000000-7f9d74242000 rw-p 00000000 00:00 0 
7f9d74242000-7f9d78000000 ---p 00000000 00:00 0 
7f9d78000000-7f9d78021000 rw-p 00000000 00:00 0 
7f9d78021000-7f9d7c000000 ---p 00000000 00:00 0 
7f9d7e86b000-7f9d7e8c3000 rw-p 00000000 00:00 0 
7f9d7e8c5000-7f9d7e8f6000 rw-p 00000000 00:00 0 
7f9d7e8f9000-7f9d7eac0000 rw-p 00000000 00:00 0 
7f9d7eac0000-7f9d7eac1000 ---p 00000000 00:00 0 
7f9d7eac1000-7f9d7ed73000 rw-p 00000000 00:00 0 
7f9d7ed73000-7f9d7ee33000 ---p 00000000 00:00 0 
7f9d7ee33000-7f9d7ef2b000 rw-p 00000000 00:00 0 
7f9d7ef2b000-7f9d7ef2c000 ---p 00000000 00:00 0 
7f9d7ef2c000-7f9d7f1aa000 rw-p 00000000 00:00 0 
7f9d7f1aa000-7f9d7f1c0000 r-xp 00000000 fc:01 1036084                    /usr/lib/jvm/java-11-openjdk-amd64/lib/libnet.so
7f9d7f1c0000-7f9d7f3bf000 ---p 00016000 fc:01 1036084                    /usr/lib/jvm/java-11-openjdk-amd64/lib/libnet.so
7f9d7f3bf000-7f9d7f3c0000 r--p 00015000 fc:01 1036084                    /usr/lib/jvm/java-11-openjdk-amd64/lib/libnet.so
7f9d7f3c0000-7f9d7f3c1000 rw-p 00016000 fc:01 1036084                    /usr/lib/jvm/java-11-openjdk-amd64/lib/libnet.so
7f9d7f3c1000-7f9d7f3c5000 rw-p 00000000 00:00 0 
7f9d7f3c5000-7f9d7f3e9000 rw-p 00000000 00:00 0 
7f9d7f3e9000-7f9d7f3f9000 r-xp 00000000 fc:01 1036085                    /usr/lib/jvm/java-11-openjdk-amd64/lib/libnio.so
7f9d7f3f9000-7f9d7f5f8000 ---p 00010000 fc:01 1036085                    /usr/lib/jvm/java-11-openjdk-amd64/lib/libnio.so
7f9d7f5f8000-7f9d7f5f9000 r--p 0000f000 fc:01 1036085                    /usr/lib/jvm/java-11-openjdk-amd64/lib/libnio.so
7f9d7f5f9000-7f9d7f5fa000 rw-p 00010000 fc:01 1036085                    /usr/lib/jvm/java-11-openjdk-amd64/lib/libnio.so
7f9d7f5fa000-7f9d7f5fc000 rw-p 00000000 00:00 0 
7f9d7f5fc000-7f9d7f623000 rw-p 00000000 00:00 0 
7f9d7f623000-7f9d7f624000 ---p 00000000 00:00 0 
7f9d7f624000-7f9d7f7bc000 rw-p 00000000 00:00 0 
7f9d7f7bc000-7f9d7f7c0000 ---p 00000000 00:00 0 
7f9d7f7c0000-7f9d7f911000 rw-p 00000000 00:00 0 
7f9d7f911000-7f9d7f915000 ---p 00000000 00:00 0 
7f9d7f915000-7f9d7fa1f000 rw-p 00000000 00:00 0 
7f9d7fa1f000-7f9d7fa23000 ---p 00000000 00:00 0 
7f9d7fa23000-7f9d7fb20000 rw-p 00000000 00:00 0 
7f9d7fb20000-7f9d7fb24000 ---p 00000000 00:00 0 
7f9d7fb24000-7f9d7fc21000 rw-p 00000000 00:00 0 
7f9d7fc21000-7f9d7fc25000 ---p 00000000 00:00 0 
7f9d7fc25000-7f9d7fd22000 rw-p 00000000 00:00 0 
7f9d7fd22000-7f9d80000000 r--p 00000000 fc:01 4049                       /usr/lib/locale/locale-archive
7f9d80000000-7f9d80021000 rw-p 00000000 00:00 0 
7f9d80021000-7f9d84000000 ---p 00000000 00:00 0 
7f9d84000000-7f9d84021000 rw-p 00000000 00:00 0 
7f9d84021000-7f9d88000000 ---p 00000000 00:00 0 
7f9d88000000-7f9d88021000 rw-p 00000000 00:00 0 
7f9d88021000-7f9d8c000000 ---p 00000000 00:00 0 
7f9d8c000000-7f9d8c021000 rw-p 00000000 00:00 0 
7f9d8c021000-7f9d90000000 ---p 00000000 00:00 0 
7f9d90000000-7f9d90021000 rw-p 00000000 00:00 0 
7f9d90021000-7f9d94000000 ---p 00000000 00:00 0 
7f9d94000000-7f9d94021000 rw-p 00000000 00:00 0 
7f9d94021000-7f9d98000000 ---p 00000000 00:00 0 
7f9d98000000-7f9d98021000 rw-p 00000000 00:00 0 
7f9d98021000-7f9d9c000000 ---p 00000000 00:00 0 
7f9d9c000000-7f9d9c021000 rw-p 00000000 00:00 0 
7f9d9c021000-7f9d9c025000 ---p 00000000 00:00 0 
7f9d9c025000-7f9d9c122000 rw-p 00000000 00:00 0 
7f9d9c122000-7f9d9c126000 ---p 00000000 00:00 0 
7f9d9c126000-7f9d9c223000 rw-p 00000000 00:00 0 
7f9d9c223000-7f9d9c227000 ---p 00000000 00:00 0 
7f9d9c227000-7f9d9c324000 rw-p 00000000 00:00 0 
7f9d9c324000-7f9d9c328000 ---p 00000000 00:00 0 
7f9d9c328000-7f9d9c425000 rw-p 00000000 00:00 0 
7f9d9c425000-7f9d9c426000 ---p 00000000 00:00 0 
7f9d9c426000-7f9d9cda8000 rw-p 00000000 00:00 0 
7f9d9cda8000-7f9d9cda9000 ---p 00000000 00:00 0 
7f9d9cda9000-7f9d9ceaa000 rw-p 00000000 00:00 0 
7f9d9ceaa000-7f9d9ceab000 ---p 00000000 00:00 0 
7f9d9ceab000-7f9d9f3ec000 rw-p 00000000 00:00 0 
7f9d9f3ec000-7f9da09b8000 ---p 00000000 00:00 0 
7f9da09b8000-7f9da09bc000 rw-p 00000000 00:00 0 
7f9da09bc000-7f9da09c8000 ---p 00000000 00:00 0 
7f9da09c8000-7f9da09cc000 rw-p 00000000 00:00 0 
7f9da09cc000-7f9da19d8000 ---p 00000000 00:00 0 
7f9da19d8000-7f9da1a14000 rw-p 00000000 00:00 0 
7f9da1a14000-7f9da2fe0000 ---p 00000000 00:00 0 
7f9da2fe0000-7f9da2fe4000 rw-p 00000000 00:00 0 
7f9da2fe4000-7f9da2ff0000 ---p 00000000 00:00 0 
7f9da2ff0000-7f9da2ff4000 rw-p 00000000 00:00 0 
7f9da2ff4000-7f9da4000000 ---p 00000000 00:00 0 
7f9da4000000-7f9da4021000 rw-p 00000000 00:00 0 
7f9da4021000-7f9da8000000 ---p 00000000 00:00 0 
7f9da8000000-7f9da83bb000 rw-p 00000000 00:00 0 
7f9da83bb000-7f9da8674000 ---p 00000000 00:00 0 
7f9da8674000-7f9da8675000 rw-p 00000000 00:00 0 
7f9da8675000-7f9da8676000 ---p 00000000 00:00 0 
7f9da8676000-7f9da8677000 rw-p 00000000 00:00 0 
7f9da8677000-7f9da8878000 ---p 00000000 00:00 0 
7f9da8878000-7f9da8ae8000 rwxp 00000000 00:00 0 
7f9da8ae8000-7f9da8e09000 ---p 00000000 00:00 0 
7f9da8e09000-7f9da9079000 rwxp 00000000 00:00 0 
7f9da9079000-7f9db0340000 ---p 00000000 00:00 0 
7f9db0340000-7f9db05b0000 rwxp 00000000 00:00 0 
7f9db05b0000-7f9db7878000 ---p 00000000 00:00 0 
7f9db7878000-7f9dc0000000 r--s 00000000 fc:01 1036094                    /usr/lib/jvm/java-11-openjdk-amd64/lib/modules
7f9dc0000000-7f9dc03be000 rw-p 00000000 00:00 0 
7f9dc03be000-7f9dc4000000 ---p 00000000 00:00 0 
7f9dc4000000-7f9dc415b000 rw-p 00000000 00:00 0 
7f9dc415b000-7f9dc415c000 ---p 00000000 00:00 0 
7f9dc415c000-7f9dc425d000 rw-p 00000000 00:00 0 
7f9dc425d000-7f9dc425e000 ---p 00000000 00:00 0 
7f9dc425e000-7f9dc4367000 rw-p 00000000 00:00 0 
7f9dc4367000-7f9dc4620000 ---p 00000000 00:00 0 
7f9dc4620000-7f9dc4621000 rw-p 00000000 00:00 0 
7f9dc4621000-7f9dc4622000 ---p 00000000 00:00 0 
7f9dc4622000-7f9dc4623000 rw-p 00000000 00:00 0 
7f9dc4623000-7f9dc4824000 ---p 00000000 00:00 0 
7f9dc4824000-7f9dc482c000 rw-p 00000000 00:00 0 
7f9dc482c000-7f9dc4ae5000 ---p 00000000 00:00 0 
7f9dc4ae5000-7f9dc4ae6000 rw-p 00000000 00:00 0 
7f9dc4ae6000-7f9dc4ae7000 ---p 00000000 00:00 0 
7f9dc4ae7000-7f9dc4ae8000 rw-p 00000000 00:00 0 
7f9dc4ae8000-7f9dc4ce9000 ---p 00000000 00:00 0 
7f9dc4ce9000-7f9dc54f1000 rw-p 00000000 00:00 0 
7f9dc54f1000-7f9dc54f2000 ---p 00000000 00:00 0 
7f9dc54f2000-7f9dc55f8000 rw-p 00000000 00:00 0 
7f9dc55f8000-7f9dc56de000 ---p 00000000 00:00 0 
7f9dc56de000-7f9dc56e3000 rw-p 00000000 00:00 0 
7f9dc56e3000-7f9dc57c9000 ---p 00000000 00:00 0 
7f9dc57c9000-7f9dc57d0000 r-xp 00000000 fc:01 1036093                    /usr/lib/jvm/java-11-openjdk-amd64/lib/libzip.so
7f9dc57d0000-7f9dc59cf000 ---p 00007000 fc:01 1036093                    /usr/lib/jvm/java-11-openjdk-amd64/lib/libzip.so
7f9dc59cf000-7f9dc59d0000 r--p 00006000 fc:01 1036093                    /usr/lib/jvm/java-11-openjdk-amd64/lib/libzip.so
7f9dc59d0000-7f9dc59d1000 rw-p 00007000 fc:01 1036093                    /usr/lib/jvm/java-11-openjdk-amd64/lib/libzip.so
7f9dc59d1000-7f9dc61d6000 r--s 00000000 fc:01 259713                     /var/lib/sss/mc/passwd
7f9dc61d6000-7f9dc61de000 r-xp 00000000 fc:01 46912                      /lib/x86_64-linux-gnu/libnss_sss.so.2
7f9dc61de000-7f9dc63dd000 ---p 00008000 fc:01 46912                      /lib/x86_64-linux-gnu/libnss_sss.so.2
7f9dc63dd000-7f9dc63de000 r--p 00007000 fc:01 46912                      /lib/x86_64-linux-gnu/libnss_sss.so.2
7f9dc63de000-7f9dc63df000 rw-p 00008000 fc:01 46912                      /lib/x86_64-linux-gnu/libnss_sss.so.2
7f9dc63df000-7f9dc63ea000 r-xp 00000000 fc:01 28079                      /lib/x86_64-linux-gnu/libnss_files-2.27.so
7f9dc63ea000-7f9dc65e9000 ---p 0000b000 fc:01 28079                      /lib/x86_64-linux-gnu/libnss_files-2.27.so
7f9dc65e9000-7f9dc65ea000 r--p 0000a000 fc:01 28079                      /lib/x86_64-linux-gnu/libnss_files-2.27.so
7f9dc65ea000-7f9dc65eb000 rw-p 0000b000 fc:01 28079                      /lib/x86_64-linux-gnu/libnss_files-2.27.so
7f9dc65eb000-7f9dc65f1000 rw-p 00000000 00:00 0 
7f9dc65f1000-7f9dc6608000 r-xp 00000000 fc:01 28076                      /lib/x86_64-linux-gnu/libnsl-2.27.so
7f9dc6608000-7f9dc6807000 ---p 00017000 fc:01 28076                      /lib/x86_64-linux-gnu/libnsl-2.27.so
7f9dc6807000-7f9dc6808000 r--p 00016000 fc:01 28076                      /lib/x86_64-linux-gnu/libnsl-2.27.so
7f9dc6808000-7f9dc6809000 rw-p 00017000 fc:01 28076                      /lib/x86_64-linux-gnu/libnsl-2.27.so
7f9dc6809000-7f9dc680b000 rw-p 00000000 00:00 0 
7f9dc680b000-7f9dc6816000 r-xp 00000000 fc:01 28081                      /lib/x86_64-linux-gnu/libnss_nis-2.27.so
7f9dc6816000-7f9dc6a15000 ---p 0000b000 fc:01 28081                      /lib/x86_64-linux-gnu/libnss_nis-2.27.so
7f9dc6a15000-7f9dc6a16000 r--p 0000a000 fc:01 28081                      /lib/x86_64-linux-gnu/libnss_nis-2.27.so
7f9dc6a16000-7f9dc6a17000 rw-p 0000b000 fc:01 28081                      /lib/x86_64-linux-gnu/libnss_nis-2.27.so
7f9dc6a17000-7f9dc6a1f000 r-xp 00000000 fc:01 28077                      /lib/x86_64-linux-gnu/libnss_compat-2.27.so
7f9dc6a1f000-7f9dc6c1f000 ---p 00008000 fc:01 28077                      /lib/x86_64-linux-gnu/libnss_compat-2.27.so
7f9dc6c1f000-7f9dc6c20000 r--p 00008000 fc:01 28077                      /lib/x86_64-linux-gnu/libnss_compat-2.27.so
7f9dc6c20000-7f9dc6c21000 rw-p 00009000 fc:01 28077                      /lib/x86_64-linux-gnu/libnss_compat-2.27.so
7f9dc6c21000-7f9dc6c26000 r-xp 00000000 fc:01 1036076                    /usr/lib/jvm/java-11-openjdk-amd64/lib/libjimage.so
7f9dc6c26000-7f9dc6e25000 ---p 00005000 fc:01 1036076                    /usr/lib/jvm/java-11-openjdk-amd64/lib/libjimage.so
7f9dc6e25000-7f9dc6e26000 r--p 00004000 fc:01 1036076                    /usr/lib/jvm/java-11-openjdk-amd64/lib/libjimage.so
7f9dc6e26000-7f9dc6e27000 rw-p 00005000 fc:01 1036076                    /usr/lib/jvm/java-11-openjdk-amd64/lib/libjimage.so
7f9dc6e27000-7f9dc6e4f000 r-xp 00000000 fc:01 1036073                    /usr/lib/jvm/java-11-openjdk-amd64/lib/libjava.so
7f9dc6e4f000-7f9dc704f000 ---p 00028000 fc:01 1036073                    /usr/lib/jvm/java-11-openjdk-amd64/lib/libjava.so
7f9dc704f000-7f9dc7050000 r--p 00028000 fc:01 1036073                    /usr/lib/jvm/java-11-openjdk-amd64/lib/libjava.so
7f9dc7050000-7f9dc7051000 rw-p 00029000 fc:01 1036073                    /usr/lib/jvm/java-11-openjdk-amd64/lib/libjava.so
7f9dc7051000-7f9dc7052000 rw-p 00000000 00:00 0 
7f9dc7052000-7f9dc705f000 r-xp 00000000 fc:01 1036092                    /usr/lib/jvm/java-11-openjdk-amd64/lib/libverify.so
7f9dc705f000-7f9dc725e000 ---p 0000d000 fc:01 1036092                    /usr/lib/jvm/java-11-openjdk-amd64/lib/libverify.so
7f9dc725e000-7f9dc7260000 r--p 0000c000 fc:01 1036092                    /usr/lib/jvm/java-11-openjdk-amd64/lib/libverify.so
7f9dc7260000-7f9dc7261000 rw-p 0000e000 fc:01 1036092                    /usr/lib/jvm/java-11-openjdk-amd64/lib/libverify.so
7f9dc7261000-7f9dc7268000 r-xp 00000000 fc:01 28086                      /lib/x86_64-linux-gnu/librt-2.27.so
7f9dc7268000-7f9dc7467000 ---p 00007000 fc:01 28086                      /lib/x86_64-linux-gnu/librt-2.27.so
7f9dc7467000-7f9dc7468000 r--p 00006000 fc:01 28086                      /lib/x86_64-linux-gnu/librt-2.27.so
7f9dc7468000-7f9dc7469000 rw-p 00007000 fc:01 28086                      /lib/x86_64-linux-gnu/librt-2.27.so
7f9dc7469000-7f9dc7480000 r-xp 00000000 fc:01 2196                       /lib/x86_64-linux-gnu/libgcc_s.so.1
7f9dc7480000-7f9dc767f000 ---p 00017000 fc:01 2196                       /lib/x86_64-linux-gnu/libgcc_s.so.1
7f9dc767f000-7f9dc7680000 r--p 00016000 fc:01 2196                       /lib/x86_64-linux-gnu/libgcc_s.so.1
7f9dc7680000-7f9dc7681000 rw-p 00017000 fc:01 2196                       /lib/x86_64-linux-gnu/libgcc_s.so.1
7f9dc7681000-7f9dc781e000 r-xp 00000000 fc:01 28073                      /lib/x86_64-linux-gnu/libm-2.27.so
7f9dc781e000-7f9dc7a1d000 ---p 0019d000 fc:01 28073                      /lib/x86_64-linux-gnu/libm-2.27.so
7f9dc7a1d000-7f9dc7a1e000 r--p 0019c000 fc:01 28073                      /lib/x86_64-linux-gnu/libm-2.27.so
7f9dc7a1e000-7f9dc7a1f000 rw-p 0019d000 fc:01 28073                      /lib/x86_64-linux-gnu/libm-2.27.so
7f9dc7a1f000-7f9dc7b98000 r-xp 00000000 fc:01 6238                       /usr/lib/x86_64-linux-gnu/libstdc++.so.6.0.25
7f9dc7b98000-7f9dc7d98000 ---p 00179000 fc:01 6238                       /usr/lib/x86_64-linux-gnu/libstdc++.so.6.0.25
7f9dc7d98000-7f9dc7da2000 r--p 00179000 fc:01 6238                       /usr/lib/x86_64-linux-gnu/libstdc++.so.6.0.25
7f9dc7da2000-7f9dc7da4000 rw-p 00183000 fc:01 6238                       /usr/lib/x86_64-linux-gnu/libstdc++.so.6.0.25
7f9dc7da4000-7f9dc7da8000 rw-p 00000000 00:00 0 
7f9dc7da8000-7f9dc8e90000 r-xp 00000000 fc:01 1036097                    /usr/lib/jvm/java-11-openjdk-amd64/lib/server/libjvm.so
7f9dc8e90000-7f9dc908f000 ---p 010e8000 fc:01 1036097                    /usr/lib/jvm/java-11-openjdk-amd64/lib/server/libjvm.so
7f9dc908f000-7f9dc9150000 r--p 010e7000 fc:01 1036097                    /usr/lib/jvm/java-11-openjdk-amd64/lib/server/libjvm.so
7f9dc9150000-7f9dc918b000 rw-p 011a8000 fc:01 1036097                    /usr/lib/jvm/java-11-openjdk-amd64/lib/server/libjvm.so
7f9dc918b000-7f9dc91e2000 rw-p 00000000 00:00 0 
7f9dc91e2000-7f9dc91fc000 r-xp 00000000 fc:01 28084                      /lib/x86_64-linux-gnu/libpthread-2.27.so
7f9dc91fc000-7f9dc93fb000 ---p 0001a000 fc:01 28084                      /lib/x86_64-linux-gnu/libpthread-2.27.so
7f9dc93fb000-7f9dc93fc000 r--p 00019000 fc:01 28084                      /lib/x86_64-linux-gnu/libpthread-2.27.so
7f9dc93fc000-7f9dc93fd000 rw-p 0001a000 fc:01 28084                      /lib/x86_64-linux-gnu/libpthread-2.27.so
7f9dc93fd000-7f9dc9401000 rw-p 00000000 00:00 0 
7f9dc9401000-7f9dc9404000 r-xp 00000000 fc:01 28072                      /lib/x86_64-linux-gnu/libdl-2.27.so
7f9dc9404000-7f9dc9603000 ---p 00003000 fc:01 28072                      /lib/x86_64-linux-gnu/libdl-2.27.so
7f9dc9603000-7f9dc9604000 r--p 00002000 fc:01 28072                      /lib/x86_64-linux-gnu/libdl-2.27.so
7f9dc9604000-7f9dc9605000 rw-p 00003000 fc:01 28072                      /lib/x86_64-linux-gnu/libdl-2.27.so
7f9dc9605000-7f9dc9621000 r-xp 00000000 fc:01 2151                       /lib/x86_64-linux-gnu/libz.so.1.2.11
7f9dc9621000-7f9dc9820000 ---p 0001c000 fc:01 2151                       /lib/x86_64-linux-gnu/libz.so.1.2.11
7f9dc9820000-7f9dc9821000 r--p 0001b000 fc:01 2151                       /lib/x86_64-linux-gnu/libz.so.1.2.11
7f9dc9821000-7f9dc9822000 rw-p 0001c000 fc:01 2151                       /lib/x86_64-linux-gnu/libz.so.1.2.11
7f9dc9822000-7f9dc9a09000 r-xp 00000000 fc:01 28069                      /lib/x86_64-linux-gnu/libc-2.27.so
7f9dc9a09000-7f9dc9c09000 ---p 001e7000 fc:01 28069                      /lib/x86_64-linux-gnu/libc-2.27.so
7f9dc9c09000-7f9dc9c0d000 r--p 001e7000 fc:01 28069                      /lib/x86_64-linux-gnu/libc-2.27.so
7f9dc9c0d000-7f9dc9c0f000 rw-p 001eb000 fc:01 28069                      /lib/x86_64-linux-gnu/libc-2.27.so
7f9dc9c0f000-7f9dc9c13000 rw-p 00000000 00:00 0 
7f9dc9c13000-7f9dc9c22000 r-xp 00000000 fc:01 1036055                    /usr/lib/jvm/java-11-openjdk-amd64/lib/jli/libjli.so
7f9dc9c22000-7f9dc9e21000 ---p 0000f000 fc:01 1036055                    /usr/lib/jvm/java-11-openjdk-amd64/lib/jli/libjli.so
7f9dc9e21000-7f9dc9e22000 r--p 0000e000 fc:01 1036055                    /usr/lib/jvm/java-11-openjdk-amd64/lib/jli/libjli.so
7f9dc9e22000-7f9dc9e23000 rw-p 0000f000 fc:01 1036055                    /usr/lib/jvm/java-11-openjdk-amd64/lib/jli/libjli.so
7f9dc9e23000-7f9dc9e4c000 r-xp 00000000 fc:01 28065                      /lib/x86_64-linux-gnu/ld-2.27.so
7f9dc9e4c000-7f9dc9f22000 rw-p 00000000 00:00 0 
7f9dc9f22000-7f9dc9f26000 ---p 00000000 00:00 0 
7f9dc9f26000-7f9dca026000 rw-p 00000000 00:00 0 
7f9dca026000-7f9dca037000 rw-p 00000000 00:00 0 
7f9dca037000-7f9dca03e000 ---p 00000000 00:00 0 
7f9dca03e000-7f9dca040000 r--s 00007000 fc:01 77907                      /usr/share/java/java-atk-wrapper.jar
7f9dca040000-7f9dca048000 rw-s 00000000 00:2f 220                        /tmp/hsperfdata_mb39/18533
7f9dca048000-7f9dca049000 ---p 00000000 00:00 0 
7f9dca049000-7f9dca04a000 r--p 00000000 00:00 0 
7f9dca04a000-7f9dca04c000 rw-p 00000000 00:00 0 
7f9dca04c000-7f9dca04d000 r--p 00029000 fc:01 28065                      /lib/x86_64-linux-gnu/ld-2.27.so
7f9dca04d000-7f9dca04e000 rw-p 0002a000 fc:01 28065                      /lib/x86_64-linux-gnu/ld-2.27.so
7f9dca04e000-7f9dca04f000 rw-p 00000000 00:00 0 
7fff4b023000-7fff4b046000 rw-p 00000000 00:00 0                          [stack]
7fff4b13f000-7fff4b142000 r--p 00000000 00:00 0                          [vvar]
7fff4b142000-7fff4b144000 r-xp 00000000 00:00 0                          [vdso]
ffffffffff600000-ffffffffff601000 r-xp 00000000 00:00 0                  [vsyscall]


VM Arguments:
jvm_args: -Dapplication.home=/usr/lib/jvm/java-11-openjdk-amd64 --add-modules=ALL-DEFAULT -Xms8m -Djdk.module.main=jdk.compiler 
java_command: jdk.compiler/com.sun.tools.javac.Main /tmp/Rjavareconf.hegEDo/A.java
java_class_path (initial): <not set>
Launcher Type: SUN_STANDARD

[Global flags]
     bool UseCompressedOops                        = true                                 {lp64_product} {ergonomic}
     bool UseCompressedClassPointers               = true                                 {lp64_product} {ergonomic}
     intx CICompilerCount                          = 4                                         {product} {ergonomic}
   size_t MinHeapDeltaBytes                        = 1048576                                   {product} {ergonomic}
     bool SegmentedCodeCache                       = true                                      {product} {ergonomic}
    uintx ReservedCodeCacheSize                    = 251658240                              {pd product} {ergonomic}
    uintx NonProfiledCodeHeapSize                  = 122910970                              {pd product} {ergonomic}
    uintx ProfiledCodeHeapSize                     = 122910970                              {pd product} {ergonomic}
    uintx NonNMethodCodeHeapSize                   = 5836300                                {pd product} {ergonomic}
   size_t G1HeapRegionSize                         = 1048576                                   {product} {ergonomic}
     uint G1ConcRefinementThreads                  = 8                                         {product} {ergonomic}
     bool UseG1GC                                  = true                                      {product} {ergonomic}
     uint ConcGCThreads                            = 2                                         {product} {ergonomic}
   size_t MarkStackSize                            = 4194304                                   {product} {ergonomic}
   size_t InitialHeapSize                          = 8388608                                   {product} {command line}
   size_t MaxHeapSize                              = 2560622592                                {product} {ergonomic}
   size_t MaxNewSize                               = 1536163840                                {product} {ergonomic}
    uintx GCDrainStackTargetSize                   = 64                                        {product} {ergonomic}

Logging:
Log output configuration:
 #0: stdout all=warning uptime,level,tags
 #1: stderr all=off uptime,level,tags

Environment Variables:
PATH=/lustre/scratch123/tol/teams/blaxter/users/mb39/miniconda3/envs/r-environment/bin:/nfs/users/nfs_m/mb39/perl5/bin:/nfs/users/nfs_m/mb39/miniconda3/bin:/nfs/users/nfs_m/mb39/.cargo/bin:/lustre/scratch123/tol/teams/blaxter/users/mb39/miniconda3/condabin:/usr/lib/oracle/12.1/client64/bin:/usr/local/lsf/10.1/linux3.10-glibc2.17-x86_64/etc:/usr/local/lsf/10.1/linux3.10-glibc2.17-x86_64/bin:/usr/local/sbin:/usr/local/bin:/usr/sbin:/usr/bin:/sbin:/bin:/usr/games:/usr/local/games:/snap/bin:/bin:/software/bin
LD_LIBRARY_PATH=/usr/lib/oracle/12.1/client64/lib:/usr/local/lsf/10.1/linux3.10-glibc2.17-x86_64/lib
SHELL=/bin/bash
LANG=en_GB.utf8

Signal Handlers:
SIGSEGV: [libjvm.so+0xe1d0a0], sa_mask[0]=11111111011111111101111111111110, sa_flags=SA_RESTART|SA_SIGINFO
SIGBUS: [libjvm.so+0xe1d0a0], sa_mask[0]=11111111011111111101111111111110, sa_flags=SA_RESTART|SA_SIGINFO
SIGFPE: [libjvm.so+0xe1d0a0], sa_mask[0]=11111111011111111101111111111110, sa_flags=SA_RESTART|SA_SIGINFO
SIGPIPE: [libjvm.so+0xb717f0], sa_mask[0]=11111111011111111101111111111110, sa_flags=SA_RESTART|SA_SIGINFO
SIGXFSZ: [libjvm.so+0xb717f0], sa_mask[0]=11111111011111111101111111111110, sa_flags=SA_RESTART|SA_SIGINFO
SIGILL: [libjvm.so+0xe1d0a0], sa_mask[0]=11111111011111111101111111111110, sa_flags=SA_RESTART|SA_SIGINFO
SIGUSR2: [libjvm.so+0xb71680], sa_mask[0]=00000000000000000000000000000000, sa_flags=SA_RESTART|SA_SIGINFO
SIGHUP: [libjvm.so+0xb71b30], sa_mask[0]=11111111011111111101111111111110, sa_flags=SA_RESTART|SA_SIGINFO
SIGINT: [libjvm.so+0xb71b30], sa_mask[0]=11111111011111111101111111111110, sa_flags=SA_RESTART|SA_SIGINFO
SIGTERM: [libjvm.so+0xb71b30], sa_mask[0]=11111111011111111101111111111110, sa_flags=SA_RESTART|SA_SIGINFO
SIGQUIT: [libjvm.so+0xb71b30], sa_mask[0]=11111111011111111101111111111110, sa_flags=SA_RESTART|SA_SIGINFO


---------------  S Y S T E M  ---------------

OS:DISTRIB_ID=Ubuntu
DISTRIB_RELEASE=18.04
DISTRIB_CODENAME=bionic
DISTRIB_DESCRIPTION="Ubuntu 18.04.6 LTS"
uname:Linux 4.15.0-163-generic #171-Ubuntu SMP Fri Nov 5 11:55:11 UTC 2021 x86_64
OS uptime: 7 days 3:38 hours
libc:glibc 2.27 NPTL 2.27 
rlimit (soft/hard): STACK 8192k/infinity , CORE 0k/infinity , NPROC 374136/374136 , NOFILE 131072/131072 , AS 5000000k/5000000k , CPU infinity/infinity , DATA infinity/infinity , FSIZE infinity/infinity , MEMLOCK 65536k/65536k
load average:4.15 4.36 4.62

/proc/meminfo:
MemTotal:       95870300 kB
MemFree:         6942596 kB
MemAvailable:   72954900 kB
Buffers:          230852 kB
Cached:         60794400 kB
SwapCached:         8204 kB
Active:          5389488 kB
Inactive:       59111668 kB
Active(anon):    2340860 kB
Inactive(anon):  1069456 kB
Active(file):    3048628 kB
Inactive(file): 58042212 kB
Unevictable:       66388 kB
Mlocked:           66388 kB
SwapTotal:      144589800 kB
SwapFree:       144517576 kB
Dirty:             60980 kB
Writeback:         49144 kB
AnonPages:       3349704 kB
Mapped:           801936 kB
Shmem:            117924 kB
Slab:           21552240 kB
SReclaimable:    5711048 kB
SUnreclaim:     15841192 kB
KernelStack:       19488 kB
PageTables:       142708 kB
NFS_Unstable:          0 kB
Bounce:                0 kB
WritebackTmp:          0 kB
CommitLimit:    192524948 kB
Committed_AS:    9579296 kB
VmallocTotal:   34359738367 kB
VmallocUsed:           0 kB
VmallocChunk:          0 kB
HardwareCorrupted:     0 kB
AnonHugePages:      4096 kB
ShmemHugePages:        0 kB
ShmemPmdMapped:        0 kB
CmaTotal:              0 kB
CmaFree:               0 kB
HugePages_Total:       0
HugePages_Free:        0
HugePages_Rsvd:        0
HugePages_Surp:        0
Hugepagesize:       2048 kB
DirectMap4k:    33380204 kB
DirectMap2M:    64104448 kB
DirectMap1G:           0 kB

/sys/kernel/mm/transparent_hugepage/enabled:
always [madvise] never
/sys/kernel/mm/transparent_hugepage/defrag (defrag/compaction efforts parameter):
always defer defer+madvise [madvise] never

Process Memory:

[error occurred during error reporting (printing OS information), id 0xb, SIGSEGV (0xb) at pc=0x00007f9dc98a0c1b]

CPU:total 8 (initial active 8) (1 cores per cpu, 1 threads per core) family 6 model 85 stepping 4 microcode 0x1, cmov, cx8, fxsr, mmx, sse, sse2, sse3, ssse3, sse4.1, sse4.2, popcnt, avx, avx2, aes, clmul, erms, rtm, 3dnowpref, lzcnt, tsc, bmi1, bmi2, adx, fma

/proc/cpuinfo:
processor	: 0
vendor_id	: GenuineIntel
cpu family	: 6
model		: 85
model name	: Intel Xeon Processor (Skylake, IBRS)
stepping	: 4
microcode	: 0x1
cpu MHz		: 2599.994
cache size	: 16384 KB
physical id	: 0
siblings	: 1
core id		: 0
cpu cores	: 1
apicid		: 0
initial apicid	: 0
fpu		: yes
fpu_exception	: yes
cpuid level	: 13
wp		: yes
flags		: fpu vme de pse tsc msr pae mce cx8 apic sep mtrr pge mca cmov pat pse36 clflush mmx fxsr sse sse2 ss syscall nx pdpe1gb rdtscp lm constant_tsc rep_good nopl xtopology cpuid tsc_known_freq pni pclmulqdq vmx ssse3 fma cx16 pcid sse4_1 sse4_2 x2apic movbe popcnt tsc_deadline_timer aes xsave avx f16c rdrand hypervisor lahf_lm abm 3dnowprefetch cpuid_fault invpcid_single pti ssbd ibrs ibpb stibp tpr_shadow vnmi flexpriority ept vpid fsgsbase tsc_adjust bmi1 hle avx2 smep bmi2 erms invpcid rtm mpx avx512f avx512dq rdseed adx smap clflushopt clwb avx512cd avx512bw avx512vl xsaveopt xsavec xgetbv1 xsaves arat umip pku ospke md_clear arch_capabilities
bugs		: cpu_meltdown spectre_v1 spectre_v2 spec_store_bypass l1tf mds swapgs taa
bogomips	: 5199.98
clflush size	: 64
cache_alignment	: 64
address sizes	: 46 bits physical, 48 bits virtual
power management:

processor	: 1
vendor_id	: GenuineIntel
cpu family	: 6
model		: 85
model name	: Intel Xeon Processor (Skylake, IBRS)
stepping	: 4
microcode	: 0x1
cpu MHz		: 2599.994
cache size	: 16384 KB
physical id	: 1
siblings	: 1
core id		: 0
cpu cores	: 1
apicid		: 1
initial apicid	: 1
fpu		: yes
fpu_exception	: yes
cpuid level	: 13
wp		: yes
flags		: fpu vme de pse tsc msr pae mce cx8 apic sep mtrr pge mca cmov pat pse36 clflush mmx fxsr sse sse2 ss syscall nx pdpe1gb rdtscp lm constant_tsc rep_good nopl xtopology cpuid tsc_known_freq pni pclmulqdq vmx ssse3 fma cx16 pcid sse4_1 sse4_2 x2apic movbe popcnt tsc_deadline_timer aes xsave avx f16c rdrand hypervisor lahf_lm abm 3dnowprefetch cpuid_fault invpcid_single pti ssbd ibrs ibpb stibp tpr_shadow vnmi flexpriority ept vpid fsgsbase tsc_adjust bmi1 hle avx2 smep bmi2 erms invpcid rtm mpx avx512f avx512dq rdseed adx smap clflushopt clwb avx512cd avx512bw avx512vl xsaveopt xsavec xgetbv1 xsaves arat umip pku ospke md_clear arch_capabilities
bugs		: cpu_meltdown spectre_v1 spectre_v2 spec_store_bypass l1tf mds swapgs taa
bogomips	: 5199.98
clflush size	: 64
cache_alignment	: 64
address sizes	: 46 bits physical, 48 bits virtual
power management:

processor	: 2
vendor_id	: GenuineIntel
cpu family	: 6
model		: 85
model name	: Intel Xeon Processor (Skylake, IBRS)
stepping	: 4
microcode	: 0x1
cpu MHz		: 2599.994
cache size	: 16384 KB
physical id	: 2
siblings	: 1
core id		: 0
cpu cores	: 1
apicid		: 2
initial apicid	: 2
fpu		: yes
fpu_exception	: yes
cpuid level	: 13
wp		: yes
flags		: fpu vme de pse tsc msr pae mce cx8 apic sep mtrr pge mca cmov pat pse36 clflush mmx fxsr sse sse2 ss syscall nx pdpe1gb rdtscp lm constant_tsc rep_good nopl xtopology cpuid tsc_known_freq pni pclmulqdq vmx ssse3 fma cx16 pcid sse4_1 sse4_2 x2apic movbe popcnt tsc_deadline_timer aes xsave avx f16c rdrand hypervisor lahf_lm abm 3dnowprefetch cpuid_fault invpcid_single pti ssbd ibrs ibpb stibp tpr_shadow vnmi flexpriority ept vpid fsgsbase tsc_adjust bmi1 hle avx2 smep bmi2 erms invpcid rtm mpx avx512f avx512dq rdseed adx smap clflushopt clwb avx512cd avx512bw avx512vl xsaveopt xsavec xgetbv1 xsaves arat umip pku ospke md_clear arch_capabilities
bugs		: cpu_meltdown spectre_v1 spectre_v2 spec_store_bypass l1tf mds swapgs taa
bogomips	: 5199.98
clflush size	: 64
cache_alignment	: 64
address sizes	: 46 bits physical, 48 bits virtual
power management:

processor	: 3
vendor_id	: GenuineIntel
cpu family	: 6
model		: 85
model name	: Intel Xeon Processor (Skylake, IBRS)
stepping	: 4
microcode	: 0x1
cpu MHz		: 2599.994
cache size	: 16384 KB
physical id	: 3
siblings	: 1
core id		: 0
cpu cores	: 1
apicid		: 3
initial apicid	: 3
fpu		: yes
fpu_exception	: yes
cpuid level	: 13
wp		: yes
flags		: fpu vme de pse tsc msr pae mce cx8 apic sep mtrr pge mca cmov pat pse36 clflush mmx fxsr sse sse2 ss syscall nx pdpe1gb rdtscp lm constant_tsc rep_good nopl xtopology cpuid tsc_known_freq pni pclmulqdq vmx ssse3 fma cx16 pcid sse4_1 sse4_2 x2apic movbe popcnt tsc_deadline_timer aes xsave avx f16c rdrand hypervisor lahf_lm abm 3dnowprefetch cpuid_fault invpcid_single pti ssbd ibrs ibpb stibp tpr_shadow vnmi flexpriority ept vpid fsgsbase tsc_adjust bmi1 hle avx2 smep bmi2 erms invpcid rtm mpx avx512f avx512dq rdseed adx smap clflushopt clwb avx512cd avx512bw avx512vl xsaveopt xsavec xgetbv1 xsaves arat umip pku ospke md_clear arch_capabilities
bugs		: cpu_meltdown spectre_v1 spectre_v2 spec_store_bypass l1tf mds swapgs taa
bogomips	: 5199.98
clflush size	: 64
cache_alignment	: 64
address sizes	: 46 bits physical, 48 bits virtual
power management:

processor	: 4
vendor_id	: GenuineIntel
cpu family	: 6
model		: 85
model name	: Intel Xeon Processor (Skylake, IBRS)
stepping	: 4
microcode	: 0x1
cpu MHz		: 2599.994
cache size	: 16384 KB
physical id	: 4
siblings	: 1
core id		: 0
cpu cores	: 1
apicid		: 4
initial apicid	: 4
fpu		: yes
fpu_exception	: yes
cpuid level	: 13
wp		: yes
flags		: fpu vme de pse tsc msr pae mce cx8 apic sep mtrr pge mca cmov pat pse36 clflush mmx fxsr sse sse2 ss syscall nx pdpe1gb rdtscp lm constant_tsc rep_good nopl xtopology cpuid tsc_known_freq pni pclmulqdq vmx ssse3 fma cx16 pcid sse4_1 sse4_2 x2apic movbe popcnt tsc_deadline_timer aes xsave avx f16c rdrand hypervisor lahf_lm abm 3dnowprefetch cpuid_fault invpcid_single pti ssbd ibrs ibpb stibp tpr_shadow vnmi flexpriority ept vpid fsgsbase tsc_adjust bmi1 hle avx2 smep bmi2 erms invpcid rtm mpx avx512f avx512dq rdseed adx smap clflushopt clwb avx512cd avx512bw avx512vl xsaveopt xsavec xgetbv1 xsaves arat umip pku ospke md_clear arch_capabilities
bugs		: cpu_meltdown spectre_v1 spectre_v2 spec_store_bypass l1tf mds swapgs taa
bogomips	: 5199.98
clflush size	: 64
cache_alignment	: 64
address sizes	: 46 bits physical, 48 bits virtual
power management:

processor	: 5
vendor_id	: GenuineIntel
cpu family	: 6
model		: 85
model name	: Intel Xeon Processor (Skylake, IBRS)
stepping	: 4
microcode	: 0x1
cpu MHz		: 2599.994
cache size	: 16384 KB
physical id	: 5
siblings	: 1
core id		: 0
cpu cores	: 1
apicid		: 5
initial apicid	: 5
fpu		: yes
fpu_exception	: yes
cpuid level	: 13
wp		: yes
flags		: fpu vme de pse tsc msr pae mce cx8 apic sep mtrr pge mca cmov pat pse36 clflush mmx fxsr sse sse2 ss syscall nx pdpe1gb rdtscp lm constant_tsc rep_good nopl xtopology cpuid tsc_known_freq pni pclmulqdq vmx ssse3 fma cx16 pcid sse4_1 sse4_2 x2apic movbe popcnt tsc_deadline_timer aes xsave avx f16c rdrand hypervisor lahf_lm abm 3dnowprefetch cpuid_fault invpcid_single pti ssbd ibrs ibpb stibp tpr_shadow vnmi flexpriority ept vpid fsgsbase tsc_adjust bmi1 hle avx2 smep bmi2 erms invpcid rtm mpx avx512f avx512dq rdseed adx smap clflushopt clwb avx512cd avx512bw avx512vl xsaveopt xsavec xgetbv1 xsaves arat umip pku ospke md_clear arch_capabilities
bugs		: cpu_meltdown spectre_v1 spectre_v2 spec_store_bypass l1tf mds swapgs taa
bogomips	: 5199.98
clflush size	: 64
cache_alignment	: 64
address sizes	: 46 bits physical, 48 bits virtual
power management:

processor	: 6
vendor_id	: GenuineIntel
cpu family	: 6
model		: 85
model name	: Intel Xeon Processor (Skylake, IBRS)
stepping	: 4
microcode	: 0x1
cpu MHz		: 2599.994
cache size	: 16384 KB
physical id	: 6
siblings	: 1
core id		: 0
cpu cores	: 1
apicid		: 6
initial apicid	: 6
fpu		: yes
fpu_exception	: yes
cpuid level	: 13
wp		: yes
flags		: fpu vme de pse tsc msr pae mce cx8 apic sep mtrr pge mca cmov pat pse36 clflush mmx fxsr sse sse2 ss syscall nx pdpe1gb rdtscp lm constant_tsc rep_good nopl xtopology cpuid tsc_known_freq pni pclmulqdq vmx ssse3 fma cx16 pcid sse4_1 sse4_2 x2apic movbe popcnt tsc_deadline_timer aes xsave avx f16c rdrand hypervisor lahf_lm abm 3dnowprefetch cpuid_fault invpcid_single pti ssbd ibrs ibpb stibp tpr_shadow vnmi flexpriority ept vpid fsgsbase tsc_adjust bmi1 hle avx2 smep bmi2 erms invpcid rtm mpx avx512f avx512dq rdseed adx smap clflushopt clwb avx512cd avx512bw avx512vl xsaveopt xsavec xgetbv1 xsaves arat umip pku ospke md_clear arch_capabilities
bugs		: cpu_meltdown spectre_v1 spectre_v2 spec_store_bypass l1tf mds swapgs taa
bogomips	: 5199.98
clflush size	: 64
cache_alignment	: 64
address sizes	: 46 bits physical, 48 bits virtual
power management:

processor	: 7
vendor_id	: GenuineIntel
cpu family	: 6
model		: 85
model name	: Intel Xeon Processor (Skylake, IBRS)
stepping	: 4
microcode	: 0x1
cpu MHz		: 2599.994
cache size	: 16384 KB
physical id	: 7
siblings	: 1
core id		: 0
cpu cores	: 1
apicid		: 7
initial apicid	: 7
fpu		: yes
fpu_exception	: yes
cpuid level	: 13
wp		: yes
flags		: fpu vme de pse tsc msr pae mce cx8 apic sep mtrr pge mca cmov pat pse36 clflush mmx fxsr sse sse2 ss syscall nx pdpe1gb rdtscp lm constant_tsc rep_good nopl xtopology cpuid tsc_known_freq pni pclmulqdq vmx ssse3 fma cx16 pcid sse4_1 sse4_2 x2apic movbe popcnt tsc_deadline_timer aes xsave avx f16c rdrand hypervisor lahf_lm abm 3dnowprefetch cpuid_fault invpcid_single pti ssbd ibrs ibpb stibp tpr_shadow vnmi flexpriority ept vpid fsgsbase tsc_adjust bmi1 hle avx2 smep bmi2 erms invpcid rtm mpx avx512f avx512dq rdseed adx smap clflushopt clwb avx512cd avx512bw avx512vl xsaveopt xsavec xgetbv1 xsaves arat umip pku ospke md_clear arch_capabilities
bugs		: cpu_meltdown spectre_v1 spectre_v2 spec_store_bypass l1tf mds swapgs taa
bogomips	: 5199.98
clflush size	: 64
cache_alignment	: 64
address sizes	: 46 bits physical, 48 bits virtual
power management:

Online cpus:
0-7
Offline cpus:

BIOS frequency limitation:
<Not Available>
Frequency switch latency (ns):
<Not Available>
Available cpu frequencies:
<Not Available>
Current governor:
<Not Available>
Core performance/turbo boost:
<Not Available>

Memory: 4k page, physical 95870300k(6942948k free), swap 144589800k(144517576k free)

vm_info: OpenJDK 64-Bit Server VM (11.0.11+9-Ubuntu-0ubuntu2.18.04) for linux-amd64 JRE (11.0.11+9-Ubuntu-0ubuntu2.18.04), built on Apr 21 2021 09:15:32 by "unknown" with gcc 8.4.0

END.
